Thu Dec 19 16:49:10 CET 2024
NVIDIA A100-SXM4-40GB
GPU found? [cuda(id=0)]
Loaded SurrogateLightcurveModel with filters ['ps1__g', 'ps1__r', 'ps1__i', 'ps1__z', 'ps1__y', '2massj', '2massh', '2massks', 'sdssu']
Creating injection with filters: ['ps1__g', 'ps1__r', 'ps1__i', 'ps1__z', 'ps1__y', '2massj', '2massh', '2massks', 'sdssu']
Converting error budget to dictionary.
NOTE: No detection limit is given. Putting it to infinity.
Loading and preprocessing observations in likelihood . . .
Loading and preprocessing observations in likelihood . . . DONE
INFO: Using MALA as local sampler
Setting up a single Gaussian distribution
No autotune found, use input sampler_params
Training normalizing flow
Tuning global sampler:   0%|          | 0/3 [00:00<?, ?it/s]Tuning global sampler:  33%|███▎      | 1/3 [01:13<02:26, 73.07s/it]Tuning global sampler:  67%|██████▋   | 2/3 [01:15<00:31, 31.51s/it]Tuning global sampler: 100%|██████████| 3/3 [01:17<00:00, 18.22s/it]Tuning global sampler: 100%|██████████| 3/3 [01:17<00:00, 25.96s/it]
Compiling MALA body
Starting Production run
Production run:   0%|          | 0/3 [00:00<?, ?it/s]Production run:  33%|███▎      | 1/3 [00:00<00:00,  3.28it/s]Production run:  67%|██████▋   | 2/3 [00:00<00:00,  3.29it/s]Production run: 100%|██████████| 3/3 [00:00<00:00,  3.31it/s]Production run: 100%|██████████| 3/3 [00:00<00:00,  3.30it/s]
Saving injection dict
Saving samples to ./outdir_injection_Bu2019lm/results_training.npz
Saving samples to ./outdir_injection_Bu2019lm/results_production.npz
DONE
Total runtime: 1.0 m 27.07 s
DONE

JOB STATISTICS
==============
Job ID: 9118840
Cluster: snellius
User/Group: twouters2/twouters2
State: COMPLETED (exit code 0)
Nodes: 1
Cores per node: 18
CPU Utilized: 00:01:44
CPU Efficiency: 5.56% of 00:31:12 core-walltime
Job Wall-clock time: 00:01:44
Memory Utilized: 1.40 GB
Memory Efficiency: 27.96% of 5.00 GB
